<?xml version="1.0" encoding="UTF-8"?>
<testsuite name="com.portfolio.integration.InsuranceItInterfaceIntegrationSystemApplicationTests" tests="1" skipped="0" failures="0" errors="0" timestamp="2026-04-22T07:37:18.424Z" hostname="DESKTOP-QG2AEJN" time="4.563">
  <properties/>
  <testcase name="contextLoads()" classname="com.portfolio.integration.InsuranceItInterfaceIntegrationSystemApplicationTests" time="0.393"/>
  <system-out><![CDATA[16:37:18.581 [Test worker] INFO org.springframework.test.context.support.AnnotationConfigContextLoaderUtils -- Could not detect default configuration classes for test class [com.portfolio.integration.InsuranceItInterfaceIntegrationSystemApplicationTests]: InsuranceItInterfaceIntegrationSystemApplicationTests does not declare any static, non-private, non-final, nested classes annotated with @Configuration.
16:37:18.667 [Test worker] INFO org.springframework.boot.test.context.SpringBootTestContextBootstrapper -- Found @SpringBootConfiguration com.portfolio.integration.InsuranceItInterfaceIntegrationSystemApplication for test class com.portfolio.integration.InsuranceItInterfaceIntegrationSystemApplicationTests

  .   ____          _            __ _ _
 /\\ / ___'_ __ _ _(_)_ __  __ _ \ \ \ \
( ( )\___ | '_ | '_| | '_ \/ _` | \ \ \ \
 \\/  ___)| |_)| | | | | || (_| |  ) ) ) )
  '  |____| .__|_| |_|_| |_\__, | / / / /
 =========|_|==============|___/=/_/_/_/

 :: Spring Boot ::                (v3.3.5)

2026-04-22T16:37:19.038+09:00  INFO 21280 --- [insurance-it-interface-integration-system] [    Test worker] terfaceIntegrationSystemApplicationTests : Starting InsuranceItInterfaceIntegrationSystemApplicationTests using Java 17.0.18 with PID 21280 (started by wonsu in C:\Sjw_dev\Coding\insurance-it-interface-integration-system)
2026-04-22T16:37:19.039+09:00  INFO 21280 --- [insurance-it-interface-integration-system] [    Test worker] terfaceIntegrationSystemApplicationTests : No active profile set, falling back to 1 default profile: "default"
2026-04-22T16:37:19.634+09:00  INFO 21280 --- [insurance-it-interface-integration-system] [    Test worker] .s.d.r.c.RepositoryConfigurationDelegate : Bootstrapping Spring Data JPA repositories in DEFAULT mode.
2026-04-22T16:37:19.692+09:00  INFO 21280 --- [insurance-it-interface-integration-system] [    Test worker] .s.d.r.c.RepositoryConfigurationDelegate : Finished Spring Data repository scanning in 51 ms. Found 2 JPA repository interfaces.
2026-04-22T16:37:20.089+09:00  INFO 21280 --- [insurance-it-interface-integration-system] [    Test worker] o.hibernate.jpa.internal.util.LogHelper  : HHH000204: Processing PersistenceUnitInfo [name: default]
2026-04-22T16:37:20.169+09:00  INFO 21280 --- [insurance-it-interface-integration-system] [    Test worker] org.hibernate.Version                    : HHH000412: Hibernate ORM core version 6.5.3.Final
2026-04-22T16:37:20.211+09:00  INFO 21280 --- [insurance-it-interface-integration-system] [    Test worker] o.h.c.internal.RegionFactoryInitiator    : HHH000026: Second-level cache disabled
2026-04-22T16:37:20.558+09:00  INFO 21280 --- [insurance-it-interface-integration-system] [    Test worker] o.s.o.j.p.SpringPersistenceUnitInfo      : No LoadTimeWeaver setup: ignoring JPA class transformer
2026-04-22T16:37:20.594+09:00  INFO 21280 --- [insurance-it-interface-integration-system] [    Test worker] com.zaxxer.hikari.HikariDataSource       : HikariPool-1 - Starting...
2026-04-22T16:37:20.770+09:00  INFO 21280 --- [insurance-it-interface-integration-system] [    Test worker] com.zaxxer.hikari.pool.HikariPool        : HikariPool-1 - Added connection conn0: url=jdbc:h2:mem:insurance_ifdb user=SA
2026-04-22T16:37:20.772+09:00  INFO 21280 --- [insurance-it-interface-integration-system] [    Test worker] com.zaxxer.hikari.HikariDataSource       : HikariPool-1 - Start completed.
2026-04-22T16:37:21.652+09:00  INFO 21280 --- [insurance-it-interface-integration-system] [    Test worker] o.h.e.t.j.p.i.JtaPlatformInitiator       : HHH000489: No JTA platform available (set 'hibernate.transaction.jta.platform' to enable JTA platform integration)
2026-04-22T16:37:21.689+09:00  INFO 21280 --- [insurance-it-interface-integration-system] [    Test worker] j.LocalContainerEntityManagerFactoryBean : Initialized JPA EntityManagerFactory for persistence unit 'default'
2026-04-22T16:37:22.144+09:00  WARN 21280 --- [insurance-it-interface-integration-system] [    Test worker] JpaBaseConfiguration$JpaWebConfiguration : spring.jpa.open-in-view is enabled by default. Therefore, database queries may be performed during view rendering. Explicitly configure spring.jpa.open-in-view to disable this warning
2026-04-22T16:37:22.480+09:00  INFO 21280 --- [insurance-it-interface-integration-system] [    Test worker] o.s.b.a.h2.H2ConsoleAutoConfiguration    : H2 console available at '/h2-console'. Database available at 'jdbc:h2:mem:insurance_ifdb'
2026-04-22T16:37:22.579+09:00  INFO 21280 --- [insurance-it-interface-integration-system] [    Test worker] terfaceIntegrationSystemApplicationTests : Started InsuranceItInterfaceIntegrationSystemApplicationTests in 3.767 seconds (process running for 4.875)
]]></system-out>
  <system-err><![CDATA[]]></system-err>
</testsuite>
