<?xml version="1.0" encoding="UTF-8"?>
<testsuite name="com.portfolio.integration.controller.InterfaceApiControllerTest" tests="3" skipped="0" failures="0" errors="0" timestamp="2026-04-22T07:37:22.990Z" hostname="DESKTOP-QG2AEJN" time="1.077">
  <properties/>
  <testcase name="getDashboardShouldReturnMetrics()" classname="com.portfolio.integration.controller.InterfaceApiControllerTest" time="0.343"/>
  <testcase name="retryEndpointShouldReturnUpdatedInterface()" classname="com.portfolio.integration.controller.InterfaceApiControllerTest" time="0.089"/>
  <testcase name="createInterfaceAndFetchListShouldWork()" classname="com.portfolio.integration.controller.InterfaceApiControllerTest" time="0.141"/>
  <system-out><![CDATA[2026-04-22T16:37:22.993+09:00  INFO 21280 --- [insurance-it-interface-integration-system] [    Test worker] t.c.s.AnnotationConfigContextLoaderUtils : Could not detect default configuration classes for test class [com.portfolio.integration.controller.InterfaceApiControllerTest]: InterfaceApiControllerTest does not declare any static, non-private, non-final, nested classes annotated with @Configuration.
2026-04-22T16:37:23.010+09:00  INFO 21280 --- [insurance-it-interface-integration-system] [    Test worker] .b.t.c.SpringBootTestContextBootstrapper : Found @SpringBootConfiguration com.portfolio.integration.InsuranceItInterfaceIntegrationSystemApplication for test class com.portfolio.integration.controller.InterfaceApiControllerTest

  .   ____          _            __ _ _
 /\\ / ___'_ __ _ _(_)_ __  __ _ \ \ \ \
( ( )\___ | '_ | '_| | '_ \/ _` | \ \ \ \
 \\/  ___)| |_)| | | | | || (_| |  ) ) ) )
  '  |____| .__|_| |_|_| |_\__, | / / / /
 =========|_|==============|___/=/_/_/_/

 :: Spring Boot ::                (v3.3.5)

2026-04-22T16:37:23.037+09:00  INFO 21280 --- [insurance-it-interface-integration-system] [    Test worker] c.p.i.c.InterfaceApiControllerTest       : Starting InterfaceApiControllerTest using Java 17.0.18 with PID 21280 (started by wonsu in C:\Sjw_dev\Coding\insurance-it-interface-integration-system)
2026-04-22T16:37:23.037+09:00  INFO 21280 --- [insurance-it-interface-integration-system] [    Test worker] c.p.i.c.InterfaceApiControllerTest       : No active profile set, falling back to 1 default profile: "default"
2026-04-22T16:37:23.202+09:00  INFO 21280 --- [insurance-it-interface-integration-system] [    Test worker] .s.d.r.c.RepositoryConfigurationDelegate : Bootstrapping Spring Data JPA repositories in DEFAULT mode.
2026-04-22T16:37:23.215+09:00  INFO 21280 --- [insurance-it-interface-integration-system] [    Test worker] .s.d.r.c.RepositoryConfigurationDelegate : Finished Spring Data repository scanning in 12 ms. Found 2 JPA repository interfaces.
2026-04-22T16:37:23.276+09:00  INFO 21280 --- [insurance-it-interface-integration-system] [    Test worker] o.hibernate.jpa.internal.util.LogHelper  : HHH000204: Processing PersistenceUnitInfo [name: default]
2026-04-22T16:37:23.282+09:00  INFO 21280 --- [insurance-it-interface-integration-system] [    Test worker] o.h.c.internal.RegionFactoryInitiator    : HHH000026: Second-level cache disabled
2026-04-22T16:37:23.295+09:00  INFO 21280 --- [insurance-it-interface-integration-system] [    Test worker] o.s.o.j.p.SpringPersistenceUnitInfo      : No LoadTimeWeaver setup: ignoring JPA class transformer
2026-04-22T16:37:23.296+09:00  INFO 21280 --- [insurance-it-interface-integration-system] [    Test worker] com.zaxxer.hikari.HikariDataSource       : HikariPool-2 - Starting...
2026-04-22T16:37:23.297+09:00  INFO 21280 --- [insurance-it-interface-integration-system] [    Test worker] com.zaxxer.hikari.pool.HikariPool        : HikariPool-2 - Added connection conn10: url=jdbc:h2:mem:insurance_ifdb user=SA
2026-04-22T16:37:23.297+09:00  INFO 21280 --- [insurance-it-interface-integration-system] [    Test worker] com.zaxxer.hikari.HikariDataSource       : HikariPool-2 - Start completed.
2026-04-22T16:37:23.349+09:00  INFO 21280 --- [insurance-it-interface-integration-system] [    Test worker] o.h.e.t.j.p.i.JtaPlatformInitiator       : HHH000489: No JTA platform available (set 'hibernate.transaction.jta.platform' to enable JTA platform integration)
2026-04-22T16:37:23.354+09:00  INFO 21280 --- [insurance-it-interface-integration-system] [    Test worker] j.LocalContainerEntityManagerFactoryBean : Initialized JPA EntityManagerFactory for persistence unit 'default'
2026-04-22T16:37:23.395+09:00  WARN 21280 --- [insurance-it-interface-integration-system] [    Test worker] JpaBaseConfiguration$JpaWebConfiguration : spring.jpa.open-in-view is enabled by default. Therefore, database queries may be performed during view rendering. Explicitly configure spring.jpa.open-in-view to disable this warning
2026-04-22T16:37:23.450+09:00  INFO 21280 --- [insurance-it-interface-integration-system] [    Test worker] o.s.b.a.h2.H2ConsoleAutoConfiguration    : H2 console available at '/h2-console'. Database available at 'jdbc:h2:mem:insurance_ifdb'
2026-04-22T16:37:23.480+09:00  INFO 21280 --- [insurance-it-interface-integration-system] [    Test worker] o.s.b.t.m.w.SpringBootMockServletContext : Initializing Spring TestDispatcherServlet ''
2026-04-22T16:37:23.480+09:00  INFO 21280 --- [insurance-it-interface-integration-system] [    Test worker] o.s.t.web.servlet.TestDispatcherServlet  : Initializing Servlet ''
2026-04-22T16:37:23.481+09:00  INFO 21280 --- [insurance-it-interface-integration-system] [    Test worker] o.s.t.web.servlet.TestDispatcherServlet  : Completed initialization in 1 ms
2026-04-22T16:37:23.488+09:00  INFO 21280 --- [insurance-it-interface-integration-system] [    Test worker] c.p.i.c.InterfaceApiControllerTest       : Started InterfaceApiControllerTest in 0.473 seconds (process running for 5.784)
]]></system-out>
  <system-err><![CDATA[]]></system-err>
</testsuite>
