<?xml version="1.0" encoding="UTF-8"?>
<testsuite name="com.portfolio.integration.service.InterfaceMonitoringServiceTest" tests="3" skipped="0" failures="0" errors="0" timestamp="2026-04-22T07:37:24.068Z" hostname="DESKTOP-QG2AEJN" time="0.109">
  <properties/>
  <testcase name="registerAndSearchShouldWork()" classname="com.portfolio.integration.service.InterfaceMonitoringServiceTest" time="0.075"/>
  <testcase name="retryShouldUpdateStatusAndCounters()" classname="com.portfolio.integration.service.InterfaceMonitoringServiceTest" time="0.012"/>
  <testcase name="dashboardMetricsShouldBeCalculated()" classname="com.portfolio.integration.service.InterfaceMonitoringServiceTest" time="0.008"/>
  <system-out><![CDATA[2026-04-22T16:37:24.070+09:00  INFO 21280 --- [insurance-it-interface-integration-system] [    Test worker] t.c.s.AnnotationConfigContextLoaderUtils : Could not detect default configuration classes for test class [com.portfolio.integration.service.InterfaceMonitoringServiceTest]: InterfaceMonitoringServiceTest does not declare any static, non-private, non-final, nested classes annotated with @Configuration.
2026-04-22T16:37:24.078+09:00  INFO 21280 --- [insurance-it-interface-integration-system] [    Test worker] .b.t.c.SpringBootTestContextBootstrapper : Found @SpringBootConfiguration com.portfolio.integration.InsuranceItInterfaceIntegrationSystemApplication for test class com.portfolio.integration.service.InterfaceMonitoringServiceTest
]]></system-out>
  <system-err><![CDATA[]]></system-err>
</testsuite>
